# JRE version: Java(TM) SE Runtime Environment (17.0.5+9) (build 17.0.5+9-LTS-191)
# Java VM: Java HotSpot(TM) 64-Bit Server VM (17.0.5+9-LTS-191, mixed mode, sharing, tiered, compressed oops, compressed class ptrs, g1 gc, windows-amd64)
GC Precious Log:
 CPUs: 4 total, 4 available
 Memory: 8088M
 Large Page Support: Disabled
 NUMA Support: Disabled
 Compressed Oops: Enabled (32-bit)
 Heap Region Size: 1M
 Heap Min Capacity: 8M
 Heap Initial Capacity: 128M
 Heap Max Capacity: 2024M
 Pre-touch: Disabled
 Parallel Workers: 4
 Concurrent Workers: 1
 Concurrent Refinement Workers: 4
 Periodic GC: Disabled
Heap:
 garbage-first heap   total 136192K, used 45537K [0x0000000081800000, 0x0000000100000000)
  region size 1024K, 3 young (3072K), 3 survivors (3072K)
 Metaspace       used 25632K, committed 25984K, reserved 1073152K
  class space    used 2864K, committed 3008K, reserved 1048576K
GC Heap History (17 events):
Event: 1.016 GC heap before
{Heap before GC invocations=0 (full 0):
 garbage-first heap   total 131072K, used 12288K [0x0000000081800000, 0x0000000100000000)
  region size 1024K, 13 young (13312K), 0 survivors (0K)
 Metaspace       used 4078K, committed 4224K, reserved 1056768K
  class space    used 416K, committed 448K, reserved 1048576K
}
Event: 1.024 GC heap after
{Heap after GC invocations=1 (full 0):
 garbage-first heap   total 131072K, used 3396K [0x0000000081800000, 0x0000000100000000)
  region size 1024K, 2 young (2048K), 2 survivors (2048K)
 Metaspace       used 4078K, committed 4224K, reserved 1056768K
  class space    used 416K, committed 448K, reserved 1048576K
}
Event: 1.506 GC heap before
{Heap before GC invocations=1 (full 0):
 garbage-first heap   total 131072K, used 13636K [0x0000000081800000, 0x0000000100000000)
  region size 1024K, 12 young (12288K), 2 survivors (2048K)
 Metaspace       used 5843K, committed 6016K, reserved 1056768K
  class space    used 665K, committed 768K, reserved 1048576K
}
Event: 1.511 GC heap after
{Heap after GC invocations=2 (full 0):
 garbage-first heap   total 131072K, used 4321K [0x0000000081800000, 0x0000000100000000)
  region size 1024K, 1 young (1024K), 1 survivors (1024K)
 Metaspace       used 5843K, committed 6016K, reserved 1056768K
  class space    used 665K, committed 768K, reserved 1048576K
}
Event: 2.751 GC heap before
{Heap before GC invocations=2 (full 0):
 garbage-first heap   total 131072K, used 32993K [0x0000000081800000, 0x0000000100000000)
  region size 1024K, 29 young (29696K), 1 survivors (1024K)
 Metaspace       used 10141K, committed 10368K, reserved 1064960K
  class space    used 1221K, committed 1344K, reserved 1048576K
}
Event: 2.757 GC heap after
{Heap after GC invocations=3 (full 0):
 garbage-first heap   total 131072K, used 5730K [0x0000000081800000, 0x0000000100000000)
  region size 1024K, 3 young (3072K), 3 survivors (3072K)
 Metaspace       used 10141K, committed 10368K, reserved 1064960K
  class space    used 1221K, committed 1344K, reserved 1048576K
}
Event: 4.938 GC heap before
{Heap before GC invocations=3 (full 0):
 garbage-first heap   total 131072K, used 80482K [0x0000000081800000, 0x0000000100000000)
  region size 1024K, 76 young (77824K), 3 survivors (3072K)
 Metaspace       used 13608K, committed 13760K, reserved 1064960K
  class space    used 1528K, committed 1600K, reserved 1048576K
}
Event: 4.956 GC heap after
{Heap after GC invocations=4 (full 0):
 garbage-first heap   total 131072K, used 13153K [0x0000000081800000, 0x0000000100000000)
  region size 1024K, 10 young (10240K), 10 survivors (10240K)
 Metaspace       used 13608K, committed 13760K, reserved 1064960K
  class space    used 1528K, committed 1600K, reserved 1048576K
}
Event: 7.305 GC heap before
{Heap before GC invocations=4 (full 0):
 garbage-first heap   total 131072K, used 80737K [0x0000000081800000, 0x0000000100000000)
  region size 1024K, 76 young (77824K), 10 survivors (10240K)
 Metaspace       used 17344K, committed 17536K, reserved 1064960K
  class space    used 1914K, committed 1984K, reserved 1048576K
}
Event: 7.331 GC heap after
{Heap after GC invocations=5 (full 0):
 garbage-first heap   total 131072K, used 18007K [0x0000000081800000, 0x0000000100000000)
  region size 1024K, 6 young (6144K), 6 survivors (6144K)
 Metaspace       used 17344K, committed 17536K, reserved 1064960K
  class space    used 1914K, committed 1984K, reserved 1048576K
}
Event: 7.889 GC heap before
{Heap before GC invocations=5 (full 0):
 garbage-first heap   total 131072K, used 34391K [0x0000000081800000, 0x0000000100000000)
  region size 1024K, 19 young (19456K), 6 survivors (6144K)
 Metaspace       used 21305K, committed 21504K, reserved 1073152K
  class space    used 2411K, committed 2496K, reserved 1048576K
}
Event: 7.903 GC heap after
{Heap after GC invocations=6 (full 0):
 garbage-first heap   total 131072K, used 25881K [0x0000000081800000, 0x0000000100000000)
  region size 1024K, 10 young (10240K), 10 survivors (10240K)
 Metaspace       used 21305K, committed 21504K, reserved 1073152K
  class space    used 2411K, committed 2496K, reserved 1048576K
}
Event: 9.403 GC heap before
{Heap before GC invocations=7 (full 0):
 garbage-first heap   total 96256K, used 75033K [0x0000000081800000, 0x0000000100000000)
  region size 1024K, 56 young (57344K), 10 survivors (10240K)
 Metaspace       used 23978K, committed 24192K, reserved 1073152K
  class space    used 2693K, committed 2752K, reserved 1048576K
}
Event: 9.458 GC heap after
{Heap after GC invocations=8 (full 0):
 garbage-first heap   total 101376K, used 40998K [0x0000000081800000, 0x0000000100000000)
  region size 1024K, 7 young (7168K), 7 survivors (7168K)
 Metaspace       used 23978K, committed 24192K, reserved 1073152K
  class space    used 2693K, committed 2752K, reserved 1048576K
}
Event: 9.478 GC heap before
{Heap before GC invocations=8 (full 0):
 garbage-first heap   total 101376K, used 42022K [0x0000000081800000, 0x0000000100000000)
  region size 1024K, 8 young (8192K), 7 survivors (7168K)
 Metaspace       used 23989K, committed 24192K, reserved 1073152K
  class space    used 2693K, committed 2752K, reserved 1048576K
}
Event: 9.490 GC heap after
{Heap after GC invocations=9 (full 0):
 garbage-first heap   total 101376K, used 42496K [0x0000000081800000, 0x0000000100000000)
  region size 1024K, 1 young (1024K), 1 survivors (1024K)
 Metaspace       used 23989K, committed 24192K, reserved 1073152K
  class space    used 2693K, committed 2752K, reserved 1048576K
}
Event: 10.570 GC heap before
{Heap before GC invocations=9 (full 0):
 garbage-first heap   total 101376K, used 73216K [0x0000000081800000, 0x0000000100000000)
  region size 1024K, 31 young (31744K), 1 survivors (1024K)
 Metaspace       used 25632K, committed 25984K, reserved 1073152K
  class space    used 2864K, committed 3008K, reserved 1048576K
}

